<?xml version="1.0" encoding="utf-8"?><testsuites><testsuite name="pytest" errors="0" failures="0" skipped="0" tests="16" time="5.556" timestamp="2024-05-21T22:53:46.813536" hostname="fv-az983-690"><testcase classname="test.test_bot" name="test_command_handler" time="0.036" /><testcase classname="test.test_bot" name="test_search_handler" time="0.153" /><testcase classname="test.test_format" name="test_id" time="0.001" /><testcase classname="test.test_format" name="test_valid" time="0.001" /><testcase classname="test.test_format" name="test_poster" time="0.001" /><testcase classname="test.test_format" name="test_title" time="0.001" /><testcase classname="test.test_format" name="test_year" time="0.001" /><testcase classname="test.test_format" name="test_rating" time="0.001" /><testcase classname="test.test_format" name="test_title_description" time="0.001" /><testcase classname="test.test_format" name="test_inline_title" time="0.001" /><testcase classname="test.test_format" name="test_inline_description" time="0.001" /><testcase classname="test.test_format" name="test_inline_content" time="0.001" /><testcase classname="test.test_format" name="test_inline_markup" time="0.001" /><testcase classname="test.test_format" name="test_as_inline" time="0.001" /><testcase classname="test.test_format" name="test_as_text_message" time="0.002" /><testcase classname="test.test_format" name="test_result_markup" time="0.001" /></testsuite></testsuites>