<?xml version="1.0" encoding="utf-8"?><testsuites name="pytest tests"><testsuite name="pytest" errors="0" failures="0" skipped="0" tests="16" time="4.887" timestamp="2025-06-19T21:00:36.151378+00:00" hostname="fv-az1663-955"><testcase classname="test.test_bot" name="test_command_handler" time="0.036" /><testcase classname="test.test_bot" name="test_search_handler" time="0.147" /><testcase classname="test.test_format" name="test_id" time="0.001" /><testcase classname="test.test_format" name="test_valid" time="0.001" /><testcase classname="test.test_format" name="test_poster" time="0.001" /><testcase classname="test.test_format" name="test_title" time="0.001" /><testcase classname="test.test_format" name="test_year" time="0.001" /><testcase classname="test.test_format" name="test_rating" time="0.001" /><testcase classname="test.test_format" name="test_title_description" time="0.001" /><testcase classname="test.test_format" name="test_inline_title" time="0.001" /><testcase classname="test.test_format" name="test_inline_description" time="0.001" /><testcase classname="test.test_format" name="test_inline_content" time="0.001" /><testcase classname="test.test_format" name="test_inline_markup" time="0.001" /><testcase classname="test.test_format" name="test_as_inline" time="0.001" /><testcase classname="test.test_format" name="test_as_text_message" time="0.002" /><testcase classname="test.test_format" name="test_result_markup" time="0.001" /></testsuite></testsuites>